\BOOKMARK [0][-]{titulo.0}{P\341gina de T\355tulo}{}% 1
\BOOKMARK [0][-]{indices.0}{\315ndices}{}% 2
\BOOKMARK [1][-]{tabla de contenidos.1}{Tabla de Contenidos}{indices.0}% 3
\BOOKMARK [1][-]{indice de figuras.1}{\315ndice de figuras}{indices.0}% 4
\BOOKMARK [1][-]{indice de tablas.1}{\315ndice de tablas}{indices.0}% 5
\BOOKMARK [0][-]{chapter.8}{Introducci\363n}{}% 6
\BOOKMARK [1][-]{section.9}{Motivaci\363n}{chapter.8}% 7
\BOOKMARK [1][-]{section.10}{Objetivos}{chapter.8}% 8
\BOOKMARK [1][-]{section.11}{Plan de trabajo}{chapter.8}% 9
\BOOKMARK [1][-]{section.12}{Estructura del documento}{chapter.8}% 10
\BOOKMARK [0][-]{chapter.13}{Estado de la Cuesti\363n}{}% 11
\BOOKMARK [1][-]{section.14}{Cuestiones b\341sicas de inmunolog\355a}{chapter.13}% 12
\BOOKMARK [2][-]{subsection.15}{El sistema inmune innato}{section.14}% 13
\BOOKMARK [2][-]{subsection.17}{El sistema inmune adaptativo}{section.14}% 14
\BOOKMARK [1][-]{section.22}{Cooperaci\363n entre dos ciencias: Matem\341ticas y Biolog\355a}{chapter.13}% 15
\BOOKMARK [2][-]{subsection.28}{Modelos matem\341ticos versus inmunolog\355a experimental}{section.22}% 16
\BOOKMARK [0][-]{chapter.34}{Modelo matem\341tico}{}% 17
\BOOKMARK [1][-]{section.35}{Introducci\363n}{chapter.34}% 18
\BOOKMARK [1][-]{section.36}{Hip\363tesis biol\363gicas y modelo matem\341tico}{chapter.34}% 19
\BOOKMARK [2][-]{subsection.37}{Hip\363tesis biol\363gicas}{section.36}% 20
\BOOKMARK [2][-]{subsection.45}{Modelo matem\341tico}{section.36}% 21
\BOOKMARK [1][-]{section.49}{Din\341mica del pat\363geno durante la respuesta inmune}{chapter.34}% 22
\BOOKMARK [1][-]{section.54}{Resumen y conclusiones}{chapter.34}% 23
\BOOKMARK [0][-]{chapter.64}{Simulaciones}{}% 24
\BOOKMARK [1][-]{section.65}{Modelo simplificado}{chapter.64}% 25
\BOOKMARK [1][-]{section.69}{Pseudoc\363digo}{chapter.64}% 26
\BOOKMARK [1][-]{section.72}{Resultados y an\341lisis}{chapter.64}% 27
\BOOKMARK [2][-]{subsection.74}{Tolerancia al pat\363geno}{section.72}% 28
\BOOKMARK [2][-]{subsection.76}{Simulaciones con distintas poblaciones de c\351lulas T}{section.72}% 29
\BOOKMARK [0][-]{chapter.80}{Conclusiones y Trabajo Futuro}{}% 30
\BOOKMARK [0][-]{chapter.81}{Introduction}{}% 31
\BOOKMARK [0][-]{chapter.82}{Conclusions and Future Work}{}% 32
\BOOKMARK [0][-]{chapter*.83}{Bibliograf\355a}{}% 33
\BOOKMARK [0][-]{appendix.84}{T\355tulo del Ap\351ndice A}{}% 34
\BOOKMARK [0][-]{appendix.389}{T\355tulo del Ap\351ndice B}{}% 35
\BOOKMARK [0][-]{fin.0}{Fin}{}% 36
